<?xml version="1.0" encoding="UTF-8"?>
<testsuite xmlns:xsi="http://www.w3.org/2001/XMLSchema-instance" xsi:noNamespaceSchemaLocation="https://maven.apache.org/surefire/maven-surefire-plugin/xsd/surefire-test-report.xsd" name="managers.EpicTest" time="0.109" tests="3" errors="0" skipped="0" failures="0">
  <properties>
[...]
</properties>
  <testcase name="testEpicStatusEmptySubtaskList" classname="managers.EpicTest" time="0.062"/>
  <testcase name="testEpicStatusAllSubtasksDone" classname="managers.EpicTest" time="0"/>
  <testcase name="testEpicStatusAllSubtasksNew" classname="managers.EpicTest" time="0"/>
</testsuite>